<?xml version="1.0" encoding="UTF-8"?>
<testsuite xmlns:xsi="http://www.w3.org/2001/XMLSchema-instance" xsi:noNamespaceSchemaLocation="https://maven.apache.org/surefire/maven-surefire-plugin/xsd/surefire-test-report.xsd" version="3.0.2" name="org.springframework.samples.petclinic.vets.web.VetResourceTest" time="4.309" tests="1" errors="0" skipped="0" failures="0">
  <properties>
[...]
</properties>
  <testcase name="shouldGetAListOfVets" classname="org.springframework.samples.petclinic.vets.web.VetResourceTest" time="0.167">
    <system-out><![CDATA[07:59:46.721 [main] INFO org.springframework.test.context.support.AnnotationConfigContextLoaderUtils -- Could not detect default configuration classes for test class [org.springframework.samples.petclinic.vets.web.VetResourceTest]: VetResourceTest does not declare any static, non-private, non-final, nested classes annotated with @Configuration.
07:59:46.879 [main] INFO org.springframework.boot.test.context.SpringBootTestContextBootstrapper -- Found @SpringBootConfiguration org.springframework.samples.petclinic.vets.VetsServiceApplication for test class org.springframework.samples.petclinic.vets.web.VetResourceTest
07:59:48,203 |-INFO in ch.qos.logback.core.joran.util.ConfigurationWatchListUtil@6ed922e1 - Adding [jar:file:/home/runner/.m2/repository/org/springframework/boot/spring-boot/3.4.1/spring-boot-3.4.1.jar!/org/springframework/boot/logging/logback/base.xml] to configuration watch list.
07:59:48,203 |-INFO in ConfigurationWatchList(mainURL=file:/home/runner/work/spring-petclinic-microservices-vet-service/spring-petclinic-microservices-vet-service/target/classes/logback-spring.xml, fileWatchList={/home/runner/work/spring-petclinic-microservices-vet-service/spring-petclinic-microservices-vet-service/target/classes/logback-spring.xml}, urlWatchList=[}) - Cannot watch [jar:file:/home/runner/.m2/repository/org/springframework/boot/spring-boot/3.4.1/spring-boot-3.4.1.jar!/org/springframework/boot/logging/logback/base.xml] as its protocol is not one of file, http or https.
07:59:48,207 |-INFO in ch.qos.logback.core.joran.util.ConfigurationWatchListUtil@6ed922e1 - Adding [jar:file:/home/runner/.m2/repository/org/springframework/boot/spring-boot/3.4.1/spring-boot-3.4.1.jar!/org/springframework/boot/logging/logback/defaults.xml] to configuration watch list.
07:59:48,207 |-INFO in ConfigurationWatchList(mainURL=file:/home/runner/work/spring-petclinic-microservices-vet-service/spring-petclinic-microservices-vet-service/target/classes/logback-spring.xml, fileWatchList={/home/runner/work/spring-petclinic-microservices-vet-service/spring-petclinic-microservices-vet-service/target/classes/logback-spring.xml}, urlWatchList=[}) - Cannot watch [jar:file:/home/runner/.m2/repository/org/springframework/boot/spring-boot/3.4.1/spring-boot-3.4.1.jar!/org/springframework/boot/logging/logback/defaults.xml] as its protocol is not one of file, http or https.
07:59:48,213 |-INFO in ch.qos.logback.core.model.processor.ConversionRuleModelHandler - registering conversion word applicationName with class [org.springframework.boot.logging.logback.ApplicationNameConverter]
07:59:48,213 |-INFO in ch.qos.logback.core.model.processor.ConversionRuleModelHandler - registering conversion word clr with class [org.springframework.boot.logging.logback.ColorConverter]
07:59:48,213 |-INFO in ch.qos.logback.core.model.processor.ConversionRuleModelHandler - registering conversion word correlationId with class [org.springframework.boot.logging.logback.CorrelationIdConverter]
07:59:48,213 |-INFO in ch.qos.logback.core.model.processor.ConversionRuleModelHandler - registering conversion word esb with class [org.springframework.boot.logging.logback.EnclosedInSquareBracketsConverter]
07:59:48,213 |-INFO in ch.qos.logback.core.model.processor.ConversionRuleModelHandler - registering conversion word wex with class [org.springframework.boot.logging.logback.WhitespaceThrowableProxyConverter]
07:59:48,213 |-INFO in ch.qos.logback.core.model.processor.ConversionRuleModelHandler - registering conversion word wEx with class [org.springframework.boot.logging.logback.ExtendedWhitespaceThrowableProxyConverter]
07:59:48,214 |-INFO in ch.qos.logback.core.model.processor.ModelInterpretationContext@29fd8e67 - value "%clr(%d{yyyy-MM-dd'T'HH:mm:ss.SSSXXX}){faint} %clr(%5p){} %clr(3685){magenta} %clr(--- %esb(){APPLICATION_NAME}%esb{APPLICATION_GROUP}[%15.15t] ){faint}%clr(%-40.40logger{39}){cyan} %clr(:){faint} %m%n%wEx" substituted for "${CONSOLE_LOG_PATTERN:-%clr(%d{${LOG_DATEFORMAT_PATTERN:-yyyy-MM-dd'T'HH:mm:ss.SSSXXX}}){faint} %clr(${LOG_LEVEL_PATTERN:-%5p}){} %clr(${PID:-}){magenta} %clr(--- %esb(){APPLICATION_NAME}%esb{APPLICATION_GROUP}[%15.15t] ${LOG_CORRELATION_PATTERN:-}){faint}%clr(%-40.40logger{39}){cyan} %clr(:){faint} %m%n${LOG_EXCEPTION_CONVERSION_WORD:-%wEx}}"
07:59:48,214 |-INFO in ch.qos.logback.core.model.processor.ModelInterpretationContext@29fd8e67 - value "UTF-8" substituted for "${CONSOLE_LOG_CHARSET:-${file.encoding:-UTF-8}}"
07:59:48,214 |-INFO in ch.qos.logback.core.model.processor.ModelInterpretationContext@29fd8e67 - value "TRACE" substituted for "${CONSOLE_LOG_THRESHOLD:-TRACE}"
07:59:48,214 |-INFO in ch.qos.logback.core.model.processor.ModelInterpretationContext@29fd8e67 - value "" substituted for "${CONSOLE_LOG_STRUCTURED_FORMAT:-}"
07:59:48,214 |-INFO in ch.qos.logback.core.model.processor.ModelInterpretationContext@29fd8e67 - value "%d{yyyy-MM-dd'T'HH:mm:ss.SSSXXX} %5p 3685 --- %esb(){APPLICATION_NAME}%esb{APPLICATION_GROUP}[%t] %-40.40logger{39} : %m%n%wEx" substituted for "${FILE_LOG_PATTERN:-%d{${LOG_DATEFORMAT_PATTERN:-yyyy-MM-dd'T'HH:mm:ss.SSSXXX}} ${LOG_LEVEL_PATTERN:-%5p} ${PID:-} --- %esb(){APPLICATION_NAME}%esb{APPLICATION_GROUP}[%t] ${LOG_CORRELATION_PATTERN:-}%-40.40logger{39} : %m%n${LOG_EXCEPTION_CONVERSION_WORD:-%wEx}}"
07:59:48,215 |-INFO in ch.qos.logback.core.model.processor.ModelInterpretationContext@29fd8e67 - value "UTF-8" substituted for "${FILE_LOG_CHARSET:-${file.encoding:-UTF-8}}"
07:59:48,215 |-INFO in ch.qos.logback.core.model.processor.ModelInterpretationContext@29fd8e67 - value "TRACE" substituted for "${FILE_LOG_THRESHOLD:-TRACE}"
07:59:48,215 |-INFO in ch.qos.logback.core.model.processor.ModelInterpretationContext@29fd8e67 - value "" substituted for "${FILE_LOG_STRUCTURED_FORMAT:-}"
07:59:48,215 |-INFO in ch.qos.logback.core.model.processor.ModelInterpretationContext@29fd8e67 - value "/tmp/spring.log" substituted for "${LOG_FILE:-${LOG_PATH:-${LOG_TEMP:-${java.io.tmpdir:-/tmp}}}/spring.log}"
07:59:48,215 |-INFO in ch.qos.logback.core.joran.util.ConfigurationWatchListUtil@6ed922e1 - Adding [jar:file:/home/runner/.m2/repository/org/springframework/boot/spring-boot/3.4.1/spring-boot-3.4.1.jar!/org/springframework/boot/logging/logback/console-appender.xml] to configuration watch list.
07:59:48,215 |-INFO in ConfigurationWatchList(mainURL=file:/home/runner/work/spring-petclinic-microservices-vet-service/spring-petclinic-microservices-vet-service/target/classes/logback-spring.xml, fileWatchList={/home/runner/work/spring-petclinic-microservices-vet-service/spring-petclinic-microservices-vet-service/target/classes/logback-spring.xml}, urlWatchList=[}) - Cannot watch [jar:file:/home/runner/.m2/repository/org/springframework/boot/spring-boot/3.4.1/spring-boot-3.4.1.jar!/org/springframework/boot/logging/logback/console-appender.xml] as its protocol is not one of file, http or https.
07:59:48,218 |-INFO in ch.qos.logback.core.joran.util.ConfigurationWatchListUtil@6ed922e1 - Adding [jar:file:/home/runner/.m2/repository/org/springframework/boot/spring-boot/3.4.1/spring-boot-3.4.1.jar!/org/springframework/boot/logging/logback/file-appender.xml] to configuration watch list.
07:59:48,218 |-INFO in ConfigurationWatchList(mainURL=file:/home/runner/work/spring-petclinic-microservices-vet-service/spring-petclinic-microservices-vet-service/target/classes/logback-spring.xml, fileWatchList={/home/runner/work/spring-petclinic-microservices-vet-service/spring-petclinic-microservices-vet-service/target/classes/logback-spring.xml}, urlWatchList=[}) - Cannot watch [jar:file:/home/runner/.m2/repository/org/springframework/boot/spring-boot/3.4.1/spring-boot-3.4.1.jar!/org/springframework/boot/logging/logback/file-appender.xml] as its protocol is not one of file, http or https.
07:59:48,225 |-WARN in ch.qos.logback.core.model.processor.ImplicitModelHandler - Ignoring unknown property [jmxConfigurator] in [ch.qos.logback.classic.LoggerContext]
07:59:48,226 |-INFO in ch.qos.logback.classic.model.processor.LoggerModelHandler - Setting level of logger [org.apache.catalina.startup.DigesterFactory] to ERROR
07:59:48,226 |-INFO in ch.qos.logback.classic.jul.LevelChangePropagator@e146f93 - Propagating ERROR level on Logger[org.apache.catalina.startup.DigesterFactory] onto the JUL framework
07:59:48,226 |-INFO in ch.qos.logback.classic.model.processor.LoggerModelHandler - Setting level of logger [org.apache.catalina.util.LifecycleBase] to ERROR
07:59:48,226 |-INFO in ch.qos.logback.classic.jul.LevelChangePropagator@e146f93 - Propagating ERROR level on Logger[org.apache.catalina.util.LifecycleBase] onto the JUL framework
07:59:48,227 |-INFO in ch.qos.logback.classic.model.processor.LoggerModelHandler - Setting level of logger [org.apache.coyote.http11.Http11NioProtocol] to WARN
07:59:48,227 |-INFO in ch.qos.logback.classic.jul.LevelChangePropagator@e146f93 - Propagating WARN level on Logger[org.apache.coyote.http11.Http11NioProtocol] onto the JUL framework
07:59:48,227 |-INFO in ch.qos.logback.classic.model.processor.LoggerModelHandler - Setting level of logger [org.apache.sshd.common.util.SecurityUtils] to WARN
07:59:48,227 |-INFO in ch.qos.logback.classic.jul.LevelChangePropagator@e146f93 - Propagating WARN level on Logger[org.apache.sshd.common.util.SecurityUtils] onto the JUL framework
07:59:48,227 |-INFO in ch.qos.logback.classic.model.processor.LoggerModelHandler - Setting level of logger [org.apache.tomcat.util.net.NioSelectorPool] to WARN
07:59:48,227 |-INFO in ch.qos.logback.classic.jul.LevelChangePropagator@e146f93 - Propagating WARN level on Logger[org.apache.tomcat.util.net.NioSelectorPool] onto the JUL framework
07:59:48,227 |-INFO in ch.qos.logback.classic.model.processor.LoggerModelHandler - Setting level of logger [org.eclipse.jetty.util.component.AbstractLifeCycle] to ERROR
07:59:48,227 |-INFO in ch.qos.logback.classic.jul.LevelChangePropagator@e146f93 - Propagating ERROR level on Logger[org.eclipse.jetty.util.component.AbstractLifeCycle] onto the JUL framework
07:59:48,227 |-INFO in ch.qos.logback.classic.model.processor.LoggerModelHandler - Setting level of logger [org.hibernate.validator.internal.util.Version] to WARN
07:59:48,227 |-INFO in ch.qos.logback.classic.jul.LevelChangePropagator@e146f93 - Propagating WARN level on Logger[org.hibernate.validator.internal.util.Version] onto the JUL framework
07:59:48,227 |-INFO in ch.qos.logback.classic.model.processor.LoggerModelHandler - Setting level of logger [org.springframework.boot.actuate.endpoint.jmx] to WARN
07:59:48,227 |-INFO in ch.qos.logback.classic.jul.LevelChangePropagator@e146f93 - Propagating WARN level on Logger[org.springframework.boot.actuate.endpoint.jmx] onto the JUL framework
07:59:48,227 |-INFO in ch.qos.logback.core.model.processor.AppenderModelHandler - Processing appender named [CONSOLE]
07:59:48,227 |-INFO in ch.qos.logback.core.model.processor.AppenderModelHandler - About to instantiate appender of type [ch.qos.logback.core.ConsoleAppender]
07:59:48,229 |-INFO in ch.qos.logback.core.model.processor.ModelInterpretationContext@29fd8e67 - value "TRACE" substituted for "${CONSOLE_LOG_THRESHOLD}"
07:59:48,230 |-INFO in ch.qos.logback.core.model.processor.ImplicitModelHandler - Assuming default type [ch.qos.logback.classic.encoder.PatternLayoutEncoder] for [encoder] property
07:59:48,231 |-INFO in ch.qos.logback.core.model.processor.ModelInterpretationContext@29fd8e67 - value "%clr(%d{yyyy-MM-dd'T'HH:mm:ss.SSSXXX}){faint} %clr(%5p){} %clr(3685){magenta} %clr(--- %esb(){APPLICATION_NAME}%esb{APPLICATION_GROUP}[%15.15t] ){faint}%clr(%-40.40logger{39}){cyan} %clr(:){faint} %m%n%wEx" substituted for "${CONSOLE_LOG_PATTERN}"
07:59:48,231 |-INFO in ch.qos.logback.core.model.processor.ModelInterpretationContext@29fd8e67 - value "UTF-8" substituted for "${CONSOLE_LOG_CHARSET}"
07:59:48,243 |-INFO in ch.qos.logback.core.model.processor.AppenderModelHandler - Processing appender named [FILE]
07:59:48,243 |-INFO in ch.qos.logback.core.model.processor.AppenderModelHandler - About to instantiate appender of type [ch.qos.logback.core.rolling.RollingFileAppender]
07:59:48,245 |-INFO in ch.qos.logback.core.model.processor.ModelInterpretationContext@29fd8e67 - value "TRACE" substituted for "${FILE_LOG_THRESHOLD}"
07:59:48,246 |-INFO in ch.qos.logback.core.model.processor.ImplicitModelHandler - Assuming default type [ch.qos.logback.classic.encoder.PatternLayoutEncoder] for [encoder] property
07:59:48,246 |-INFO in ch.qos.logback.core.model.processor.ModelInterpretationContext@29fd8e67 - value "%d{yyyy-MM-dd'T'HH:mm:ss.SSSXXX} %5p 3685 --- %esb(){APPLICATION_NAME}%esb{APPLICATION_GROUP}[%t] %-40.40logger{39} : %m%n%wEx" substituted for "${FILE_LOG_PATTERN}"
07:59:48,246 |-INFO in ch.qos.logback.core.model.processor.ModelInterpretationContext@29fd8e67 - value "UTF-8" substituted for "${FILE_LOG_CHARSET}"
07:59:48,246 |-INFO in ch.qos.logback.core.model.processor.ModelInterpretationContext@29fd8e67 - value "/tmp/spring.log" substituted for "${LOG_FILE}"
07:59:48,248 |-INFO in ch.qos.logback.core.model.processor.ModelInterpretationContext@29fd8e67 - value "/tmp/spring.log.%d{yyyy-MM-dd}.%i.gz" substituted for "${LOGBACK_ROLLINGPOLICY_FILE_NAME_PATTERN:-${LOG_FILE}.%d{yyyy-MM-dd}.%i.gz}"
07:59:48,248 |-INFO in ch.qos.logback.core.model.processor.ModelInterpretationContext@29fd8e67 - value "false" substituted for "${LOGBACK_ROLLINGPOLICY_CLEAN_HISTORY_ON_START:-false}"
07:59:48,248 |-INFO in ch.qos.logback.core.model.processor.ModelInterpretationContext@29fd8e67 - value "10MB" substituted for "${LOGBACK_ROLLINGPOLICY_MAX_FILE_SIZE:-10MB}"
07:59:48,249 |-INFO in ch.qos.logback.core.model.processor.ModelInterpretationContext@29fd8e67 - value "0" substituted for "${LOGBACK_ROLLINGPOLICY_TOTAL_SIZE_CAP:-0}"
07:59:48,250 |-INFO in c.q.l.core.rolling.SizeAndTimeBasedRollingPolicy@1272284318 - setting totalSizeCap to 0 Bytes
07:59:48,250 |-INFO in ch.qos.logback.core.model.processor.ModelInterpretationContext@29fd8e67 - value "7" substituted for "${LOGBACK_ROLLINGPOLICY_MAX_HISTORY:-7}"
07:59:48,252 |-INFO in c.q.l.core.rolling.SizeAndTimeBasedRollingPolicy@1272284318 - Archive files will be limited to [10 MB] each.
07:59:48,253 |-INFO in c.q.l.core.rolling.SizeAndTimeBasedRollingPolicy@1272284318 - Will use gz compression
07:59:48,254 |-INFO in c.q.l.core.rolling.SizeAndTimeBasedRollingPolicy@1272284318 - Will use the pattern /tmp/spring.log.%d{yyyy-MM-dd}.%i for the active file
07:59:48,260 |-INFO in ch.qos.logback.core.rolling.SizeAndTimeBasedFileNamingAndTriggeringPolicy@7cdbaa50 - The date pattern is 'yyyy-MM-dd' from file name pattern '/tmp/spring.log.%d{yyyy-MM-dd}.%i.gz'.
07:59:48,260 |-INFO in ch.qos.logback.core.rolling.SizeAndTimeBasedFileNamingAndTriggeringPolicy@7cdbaa50 - Roll-over at midnight.
07:59:48,261 |-INFO in ch.qos.logback.core.rolling.SizeAndTimeBasedFileNamingAndTriggeringPolicy@7cdbaa50 - Setting initial period to 2025-12-18T07:59:48.260Z
07:59:48,263 |-INFO in ch.qos.logback.core.rolling.RollingFileAppender[FILE] - Active log file name: /tmp/spring.log
07:59:48,263 |-INFO in ch.qos.logback.core.rolling.RollingFileAppender[FILE] - File property is set to [/tmp/spring.log]
07:59:48,264 |-INFO in ch.qos.logback.classic.model.processor.RootLoggerModelHandler - Setting level of ROOT logger to INFO
07:59:48,264 |-INFO in ch.qos.logback.classic.jul.LevelChangePropagator@e146f93 - Propagating INFO level on Logger[ROOT] onto the JUL framework
07:59:48,264 |-INFO in ch.qos.logback.core.model.processor.AppenderRefModelHandler - Attaching appender named [CONSOLE] to Logger[ROOT]
07:59:48,264 |-INFO in ch.qos.logback.core.model.processor.AppenderRefModelHandler - Attaching appender named [FILE] to Logger[ROOT]
07:59:48,264 |-INFO in ch.qos.logback.core.model.processor.DefaultProcessor@39909d1a - End of configuration.
07:59:48,264 |-INFO in org.springframework.boot.logging.logback.SpringBootJoranConfigurator@1455154c - Registering current configuration as safe fallback point


  .   ____          _            __ _ _
 /\\ / ___'_ __ _ _(_)_ __  __ _ \ \ \ \
( ( )\___ | '_ | '_| | '_ \/ _` | \ \ \ \
 \\/  ___)| |_)| | | | | || (_| |  ) ) ) )
  '  |____| .__|_| |_|_| |_\__, | / / / /
 =========|_|==============|___/=/_/_/_/

 :: Spring Boot ::                (v3.4.1)

2025-12-18T07:59:48.356Z  INFO 3685 --- [vets-service] [           main] o.s.s.p.vets.web.VetResourceTest         : Starting VetResourceTest using Java 17.0.17 with PID 3685 (started by runner in /home/runner/work/spring-petclinic-microservices-vet-service/spring-petclinic-microservices-vet-service)
2025-12-18T07:59:48.358Z  INFO 3685 --- [vets-service] [           main] o.s.s.p.vets.web.VetResourceTest         : The following 1 profile is active: "test"
2025-12-18T07:59:48.374Z  INFO 3685 --- [vets-service] [           main] o.s.c.c.c.ConfigServerConfigDataLoader   : Fetching config from server at : http://localhost:8888/
2025-12-18T07:59:48.374Z  INFO 3685 --- [vets-service] [           main] o.s.c.c.c.ConfigServerConfigDataLoader   : Exception on Url - http://localhost:8888/:org.springframework.web.client.ResourceAccessException: I/O error on GET request for "http://localhost:8888/vets-service/default": Connection refused. Will be trying the next url if available
2025-12-18T07:59:48.374Z  WARN 3685 --- [vets-service] [           main] o.s.c.c.c.ConfigServerConfigDataLoader   : Could not locate PropertySource ([ConfigServerConfigDataResource@2016f509 uris = array<String>['http://localhost:8888/'], optional = true, profiles = 'default']): I/O error on GET request for "http://localhost:8888/vets-service/default": Connection refused
2025-12-18T07:59:48.375Z  INFO 3685 --- [vets-service] [           main] o.s.c.c.c.ConfigServerConfigDataLoader   : Fetching config from server at : http://localhost:8888/
2025-12-18T07:59:48.375Z  INFO 3685 --- [vets-service] [           main] o.s.c.c.c.ConfigServerConfigDataLoader   : Exception on Url - http://localhost:8888/:org.springframework.web.client.ResourceAccessException: I/O error on GET request for "http://localhost:8888/vets-service/test": Connection refused. Will be trying the next url if available
2025-12-18T07:59:48.375Z  WARN 3685 --- [vets-service] [           main] o.s.c.c.c.ConfigServerConfigDataLoader   : Could not locate PropertySource ([ConfigServerConfigDataResource@66f0548d uris = array<String>['http://localhost:8888/'], optional = true, profiles = 'test']): I/O error on GET request for "http://localhost:8888/vets-service/test": Connection refused
2025-12-18T07:59:48.375Z  INFO 3685 --- [vets-service] [           main] o.s.c.c.c.ConfigServerConfigDataLoader   : Fetching config from server at : http://localhost:8888/
2025-12-18T07:59:48.376Z  INFO 3685 --- [vets-service] [           main] o.s.c.c.c.ConfigServerConfigDataLoader   : Exception on Url - http://localhost:8888/:org.springframework.web.client.ResourceAccessException: I/O error on GET request for "http://localhost:8888/vets-service/default": Connection refused. Will be trying the next url if available
2025-12-18T07:59:48.376Z  WARN 3685 --- [vets-service] [           main] o.s.c.c.c.ConfigServerConfigDataLoader   : Could not locate PropertySource ([ConfigServerConfigDataResource@2e6f610d uris = array<String>['http://localhost:8888/'], optional = true, profiles = 'default']): I/O error on GET request for "http://localhost:8888/vets-service/default": Connection refused
2025-12-18T07:59:50.482Z  INFO 3685 --- [vets-service] [           main] o.s.b.t.m.w.SpringBootMockServletContext : Initializing Spring TestDispatcherServlet ''
2025-12-18T07:59:50.483Z  INFO 3685 --- [vets-service] [           main] o.s.t.web.servlet.TestDispatcherServlet  : Initializing Servlet ''
2025-12-18T07:59:50.485Z  INFO 3685 --- [vets-service] [           main] o.s.t.web.servlet.TestDispatcherServlet  : Completed initialization in 1 ms
2025-12-18T07:59:50.513Z  INFO 3685 --- [vets-service] [           main] o.s.s.p.vets.web.VetResourceTest         : Started VetResourceTest in 3.444 seconds (process running for 4.862)
]]></system-out>
  </testcase>
</testsuite>